MPASM 5.68                        SOURCE.ASM   9-12-2016  9:21:22         PAGE  1


LOC  OBJECT CODE     LINE SOURCE TEXT
  VALUE

                      00001 #include "P16F690.inc"
                      00001         LIST
                      00002 
                      00003 ;==========================================================================
                      00004 ; Build date : May 15 2016
                      00005 ;  MPASM PIC16F690 processor include
                      00006 ; 
                      00007 ;  (c) Copyright 1999-2016 Microchip Technology, All rights reserved
                      00008 ;==========================================================================
                      00009 
                      00757         LIST
                      00002 
                      00003 ;**********REGISTERS LABEL EQUATES**********************************************
  00000000            00004 W               EQU 00h
  00000020            00005 FREQUENCY_L     EQU 20h
  00000021            00006 FREQUENCY_H     EQU 21h
  00000022            00007 T1SYNC          EQU 22h
  00000023            00008 CNT_1           EQU 23h 
  00000024            00009 CNT_2           EQU 24h
  00000025            00010 CNT_3           EQU 25h
  00000026            00011 DIGITLO         EQU 26h
  00000027            00012 DIGITHI         EQU 27h
                      00013 ;*******************************************************************************
                      00014 
                      00015 ;**********BEGIN****************************************************************
                      00016         ORG     0x00    ; Program Start address
0000   2???           00017         goto    Setup   ; Jump to program setup
                      00018 ;*******************************************************************************
                      00019         
                      00020 ;**********SETUP****************************************************************
0001   1283           00021 Setup   bcf     STATUS, RP0     
0002   1703           00022         bsf     STATUS, RP1     ; Select Bank 1
Message[302]: Register in operand not in bank 0.  Ensure that bank bits are correct.
0003   1405           00023         bsf     TRISA, TRISA0   ; Set RA0 as input
Message[302]: Register in operand not in bank 0.  Ensure that bank bits are correct.
0004   1685           00024         bsf     TRISA, TRISA5   ; Set RA5 as output
Message[302]: Register in operand not in bank 0.  Ensure that bank bits are correct.
0005   1386           00025         bcf     TRISB, TRISB7   ; Set RB7 as output
0006   3070           00026         movlw   b'01110000'     ; Select ADC FRC clock
Message[302]: Register in operand not in bank 0.  Ensure that bank bits are correct.
0007   009F           00027         movwf   ADCON1
0008   1283           00028         bcf     STATUS,RP0
0009   1703           00029         bsf     STATUS,RP1      ; Select Bank 2
Message[302]: Register in operand not in bank 0.  Ensure that bank bits are correct.
000A   141E           00030         bsf     ANSEL,0         ; Enable analog input in RA0
000B   1283           00031         bcf     STATUS, RP0     
000C   1303           00032         bcf     STATUS, RP1     ; Select Bank 0
000D   1490           00033         bsf     T1CON, TMR1CS   ; Use external clock source - T1CKI pin on rising edge
000E   1510           00034         bsf     T1CON, 02       ; Do not synchronise the external clk input
000F   1683           00035         bsf     STATUS, RP0     
0010   1303           00036         bcf     STATUS, RP1     ; Select Bank 1
0011   30CF           00037         movlw   0CFh
Message[302]: Register in operand not in bank 0.  Ensure that bank bits are correct.
MPASM 5.68                        SOURCE.ASM   9-12-2016  9:21:22         PAGE  2


LOC  OBJECT CODE     LINE SOURCE TEXT
  VALUE

0012   0099           00038         movwf   SPBRG           ; Use BAUD Rate = 1.2kbps in high speed
Message[302]: Register in operand not in bank 0.  Ensure that bank bits are correct.
0013   1518           00039         bsf     TXSTA, BRGH     ; Select high speed
Message[302]: Register in operand not in bank 0.  Ensure that bank bits are correct.
0014   1218           00040         bcf     TXSTA, SYNC     ; Enable asynchronous serial port
0015   1283           00041         bcf     STATUS, RP0     
0016   1303           00042         bcf     STATUS, RP1     ; Select Bank 0
0017   1798           00043         bsf     RCSTA, SPEN     ; Enable asynchronous serial port
0018   3081           00044         movlw   b'10000001'     ; Enable ADC and Rigth justify
0019   009F           00045         movwf   ADCON0
001A   2???           00046         goto    CalculateFrequency
                      00047 ;*******************************************************************************
                      00048 
                      00049 ;**********CALCULATE FREQUENCY**************************************************
001B                  00050 CalculateFrequency
001B   2???           00051         call    One_S_Delay
001C                  00052 StartTimer1
001C   1303           00053         bcf     STATUS,RP1      ; Select Bank 0
001D   1410           00054         bsf     T1CON, TMR1ON   ; Enable Timer 1
001E   018E           00055         clrf    TMR1L
001F   018F           00056         clrf    TMR1H
0020   2???           00057         call    One_S_Delay
0021                  00058 StopTimer1
0021   1010           00059         bcf     T1CON, TMR1ON   ; Disable Timer 1
0022   080E           00060         movf    TMR1L, W
0023   00A0           00061         movwf   FREQUENCY_L     ; Store low byte if frequency
0024   080F           00062         movf    TMR1H, W
0025   00A1           00063         movwf   FREQUENCY_H     ; Store high byte of frequency
0026   2???           00064         goto    CalculateVoltage
                      00065 ;*******************************************************************************
                      00066 
                      00067 ;**********CALCULATE VOLTAGE****************************************************
0027                  00068 CalculateVoltage
0027   130C           00069         bcf     PIR1,6      ; A/D conversion has not started
0028   1303           00070         bcf     STATUS,6
0029   1683           00071         bsf     STATUS,5    ; Select bank 1
Message[302]: Register in operand not in bank 0.  Ensure that bank bits are correct.
002A   170C           00072         bsf     PIE1,6      ; Enable ADC interrupt
002B   1283           00073         bcf     STATUS,5    ; Select bank 0
002C   170B           00074         bsf     INTCON,6
002D   2???           00075         call    SampleTime
002E   149F           00076         bsf     ADCON0,GO   ; Start A/D conversion cycle
002F   189F           00077         btfsc   ADCON0,GO   ; Poll conversion
0030   2???           00078         goto    $-1
0031   081E           00079         movf    ADRESH,W
0032   00A7           00080         movwf   DIGITHI
0033   1303           00081         bcf     STATUS,6
0034   1683           00082         bsf     STATUS,5    ; Select bank 1
Message[302]: Register in operand not in bank 0.  Ensure that bank bits are correct.
0035   081E           00083         movf    ADRESL,0
0036   1283           00084         bcf     STATUS,5    ; Select bank 0
0037   00A6           00085         movwf   DIGITLO
0038   130C           00086         bcf     PIR1,6
MPASM 5.68                        SOURCE.ASM   9-12-2016  9:21:22         PAGE  3


LOC  OBJECT CODE     LINE SOURCE TEXT
  VALUE

0039   2???           00087         goto    PCComms
                      00088 ;*******************************************************************************
                      00089 
                      00090 ;**********SEND INFO TO PC******************************************************
003A   1683           00091 PCComms bsf     STATUS, RP0     
003B   1303           00092         bcf     STATUS, RP1     ; Select Bank 1
Message[302]: Register in operand not in bank 0.  Ensure that bank bits are correct.
003C   1698           00093         bsf     TXSTA, TXEN     ; Enable the transmission
003D   1283           00094         bcf     STATUS, RP0     
003E   1303           00095         bcf     STATUS, RP1     ; Select Bank 0
003F   0820           00096         movf    FREQUENCY_L, 0
0040   0099           00097         movwf   TXREG
0041                  00098 PollPIR1_1
0041   1E0C           00099         btfss   PIR1, TXIF      ; Wait for transmit buffer to be empty
0042   2???           00100         goto    PollPIR1_1
0043   0821           00101         movf    FREQUENCY_H, 0
0044   0099           00102         movwf   TXREG
0045                  00103 PollPIR1_2
0045   1E0C           00104         btfss   PIR1, TXIF      ; Wait for transmit buffer to be empty
0046   2???           00105         goto    PollPIR1_2
0047   0826           00106         movf    DIGITLO, 0
0048   0099           00107         movwf   TXREG
0049                  00108 PollPIR1_3
0049   1E0C           00109         btfss   PIR1, TXIF      ; Wait for transmit buffer to be empty
004A   2???           00110         goto    PollPIR1_3
004B   0827           00111         movf    DIGITHI, 0
004C   0099           00112         movwf   TXREG
004D                  00113 PollPIR1_4
004D   1E0C           00114         btfss   PIR1, TXIF      ; Wait for transmit buffer to be empty
004E   2???           00115         goto    PollPIR1_4
004F   1683           00116         bsf     STATUS, RP0     
0050   1303           00117         bcf     STATUS, RP1     ; Select Bank 1
Message[302]: Register in operand not in bank 0.  Ensure that bank bits are correct.
0051   1298           00118         bcf     TXSTA, TXEN     ; Disable the transmission
0052   2???           00119         goto    CalculateFrequency
                      00120 ;*******************************************************************************
                      00121 
                      00122 ;**********A/D CONVERSION*******************************************************
                      00123 ;Sample 
                      00124 ;       return
                      00125 ;*******************************************************************************
                      00126 
                      00127 ;**********A/D SAMPLING TIME****************************************************
0053                  00128 SampleTime
0053   0000           00129         nop
0054   0000           00130         nop
0055   0000           00131         nop
0056   0000           00132         nop
0057   0000           00133         nop
0058   0000           00134         nop
0059   0008           00135         return
                      00136 ;*******************************************************************************
                      00137         
MPASM 5.68                        SOURCE.ASM   9-12-2016  9:21:22         PAGE  4


LOC  OBJECT CODE     LINE SOURCE TEXT
  VALUE

                      00138 ;**********1S DELAY*************************************************************
005A                  00139 One_S_Delay
                      00140         ; (((2+3(255))x10e-6)x216)x6 = 1.0000535s
005A   3000           00141         movlw   00h         ; Load 256
005B   00A3           00142         movwf   CNT_1
005C   30D8           00143         movlw   0D8h        ; Load 216
005D   00A4           00144         movwf   CNT_2
005E   3006           00145         movlw   06h         ; Load 6
005F   00A5           00146         movwf   CNT_3
0060                  00147 Start_Delay
Message[305]: Using default destination of 1 (file).
0060   0BA3           00148         decfsz  CNT_1
0061   2???           00149         goto    Start_Delay
0062   3000           00150         movlw   00h
0063   00A3           00151         movwf   CNT_1
Message[305]: Using default destination of 1 (file).
0064   0BA4           00152         decfsz  CNT_2
0065   2???           00153         goto    Start_Delay
0066   30D8           00154         movlw   0D8h
0067   00A4           00155         movwf   CNT_2
Message[305]: Using default destination of 1 (file).
0068   0BA5           00156         decfsz  CNT_3
0069   2???           00157         goto    Start_Delay
006A   0008           00158         return
                      00159 ;*******************************************************************************
                      00160         
                      00161         end
MPASM 5.68                        SOURCE.ASM   9-12-2016  9:21:22         PAGE  5


SYMBOL TABLE
  LABEL                             VALUE 

ABDEN                             00000000
ABDOVF                            00000007
ADCON0                            0000001F
ADCON1                            0000009F
ADCS0                             00000004
ADCS1                             00000005
ADCS2                             00000006
ADDEN                             00000003
ADFM                              00000007
ADIE                              00000006
ADIF                              00000006
ADON                              00000000
ADRESH                            0000001E
ADRESL                            0000009E
ANS0                              00000000
ANS1                              00000001
ANS10                             00000002
ANS11                             00000003
ANS2                              00000002
ANS3                              00000003
ANS4                              00000004
ANS5                              00000005
ANS6                              00000006
ANS7                              00000007
ANS8                              00000000
ANS9                              00000001
ANSEL                             0000011E
ANSELH                            0000011F
BAUDCTL                           0000009B
BF                                00000000
BRG0                              00000000
BRG1                              00000001
BRG10                             00000002
BRG11                             00000003
BRG12                             00000004
BRG13                             00000005
BRG14                             00000006
BRG15                             00000007
BRG16                             00000003
BRG2                              00000002
BRG3                              00000003
BRG4                              00000004
BRG5                              00000005
BRG6                              00000006
BRG7                              00000007
BRG8                              00000000
BRG9                              00000001
BRGH                              00000002
C                                 00000000
C1CH0                             00000000
C1CH1                             00000001
C1IE                              00000005
C1IF                              00000005
MPASM 5.68                        SOURCE.ASM   9-12-2016  9:21:22         PAGE  6


SYMBOL TABLE
  LABEL                             VALUE 

C1OE                              00000005
C1ON                              00000007
C1OUT                             00000006
C1POL                             00000004
C1R                               00000002
C1SEN                             00000005
C1VREN                            00000007
C2CH0                             00000000
C2CH1                             00000001
C2IE                              00000006
C2IF                              00000006
C2OE                              00000005
C2ON                              00000007
C2OUT                             00000006
C2POL                             00000004
C2R                               00000002
C2REN                             00000004
C2SYNC                            00000000
C2VREN                            00000006
CCP1CON                           00000017
CCP1IE                            00000002
CCP1IF                            00000002
CCP1M0                            00000000
CCP1M1                            00000001
CCP1M2                            00000002
CCP1M3                            00000003
CCPR                              00000015
CCPR1H                            00000016
CCPR1L                            00000015
CHS0                              00000002
CHS1                              00000003
CHS2                              00000004
CHS3                              00000005
CKE                               00000006
CKP                               00000004
CM1CON0                           00000119
CM2CON0                           0000011A
CM2CON1                           0000011B
CNT_1                             00000023
CNT_2                             00000024
CNT_3                             00000025
CREN                              00000004
CSRC                              00000007
CalculateFrequency                0000001B
CalculateVoltage                  00000027
D                                 00000005
DATA_ADDRESS                      00000005
DC                                00000001
DC1B0                             00000004
DC1B1                             00000005
DIGITHI                           00000027
DIGITLO                           00000026
D_A                               00000005
MPASM 5.68                        SOURCE.ASM   9-12-2016  9:21:22         PAGE  7


SYMBOL TABLE
  LABEL                             VALUE 

D_NOT_A                           00000005
ECCPAS                            0000001D
ECCPAS0                           00000004
ECCPAS1                           00000005
ECCPAS2                           00000006
ECCPASE                           00000007
EEADR                             0000010D
EEADRH                            0000010F
EECON1                            0000018C
EECON2                            0000018D
EEDAT                             0000010C
EEDATA                            0000010C
EEDATH                            0000010E
EEIE                              00000004
EEIF                              00000004
EEPGD                             00000007
F                                 00000001
FERR                              00000002
FREQUENCY_H                       00000021
FREQUENCY_L                       00000020
FSR                               00000004
GIE                               00000007
GO                                00000001
GO_DONE                           00000001
GO_NOT_DONE                       00000001
HTS                               00000002
I2C_DATA                          00000005
I2C_READ                          00000002
I2C_START                         00000003
I2C_STOP                          00000004
INDF                              00000000
INTCON                            0000000B
INTE                              00000004
INTEDG                            00000006
INTF                              00000001
IOC                               00000096
IOC0                              00000000
IOC1                              00000001
IOC2                              00000002
IOC3                              00000003
IOC4                              00000004
IOC5                              00000005
IOCA                              00000096
IOCA0                             00000000
IOCA1                             00000001
IOCA2                             00000002
IOCA3                             00000003
IOCA4                             00000004
IOCA5                             00000005
IOCB                              00000116
IOCB4                             00000004
IOCB5                             00000005
IOCB6                             00000006
MPASM 5.68                        SOURCE.ASM   9-12-2016  9:21:22         PAGE  8


SYMBOL TABLE
  LABEL                             VALUE 

IOCB7                             00000007
IRCF0                             00000004
IRCF1                             00000005
IRCF2                             00000006
IRP                               00000007
LTS                               00000001
MC1OUT                            00000007
MC2OUT                            00000006
MSK                               00000093
MSK0                              00000000
MSK1                              00000001
MSK2                              00000002
MSK3                              00000003
MSK4                              00000004
MSK5                              00000005
MSK6                              00000006
MSK7                              00000007
NOT_A                             00000005
NOT_ADDRESS                       00000005
NOT_BOR                           00000000
NOT_DONE                          00000001
NOT_PD                            00000003
NOT_POR                           00000001
NOT_RABPU                         00000007
NOT_T1SYNC                        00000002
NOT_TO                            00000004
NOT_W                             00000002
NOT_WRITE                         00000002
OERR                              00000001
OPTION_REG                        00000081
OSCCON                            0000008F
OSCTUNE                           00000090
OSFIE                             00000007
OSFIF                             00000007
OSTS                              00000003
One_S_Delay                       0000005A
P                                 00000004
P1M0                              00000006
P1M1                              00000007
PCComms                           0000003A
PCL                               00000002
PCLATH                            0000000A
PCON                              0000008E
PDC0                              00000000
PDC1                              00000001
PDC2                              00000002
PDC3                              00000003
PDC4                              00000004
PDC5                              00000005
PDC6                              00000006
PEIE                              00000006
PIE1                              0000008C
PIE2                              0000008D
MPASM 5.68                        SOURCE.ASM   9-12-2016  9:21:22         PAGE  9


SYMBOL TABLE
  LABEL                             VALUE 

PIR1                              0000000C
PIR2                              0000000D
PORTA                             00000005
PORTB                             00000006
PORTC                             00000007
PR2                               00000092
PRSEN                             00000007
PS0                               00000000
PS1                               00000001
PS2                               00000002
PSA                               00000003
PSSAC0                            00000002
PSSAC1                            00000003
PSSBD0                            00000000
PSSBD1                            00000001
PSTRCON                           0000019D
PULSR                             00000002
PULSS                             00000003
PWM1CON                           0000001C
PollPIR1_1                        00000041
PollPIR1_2                        00000045
PollPIR1_3                        00000049
PollPIR1_4                        0000004D
R                                 00000002
RA0                               00000000
RA1                               00000001
RA2                               00000002
RA3                               00000003
RA4                               00000004
RA5                               00000005
RABIE                             00000003
RABIF                             00000000
RB4                               00000004
RB5                               00000005
RB6                               00000006
RB7                               00000007
RC0                               00000000
RC1                               00000001
RC2                               00000002
RC3                               00000003
RC4                               00000004
RC5                               00000005
RC6                               00000006
RC7                               00000007
RCIDL                             00000006
RCIE                              00000005
RCIF                              00000005
RCREG                             0000001A
RCSTA                             00000018
RD                                00000000
READ_WRITE                        00000002
RP0                               00000005
RP1                               00000006
MPASM 5.68                        SOURCE.ASM   9-12-2016  9:21:22         PAGE 10


SYMBOL TABLE
  LABEL                             VALUE 

RX9                               00000006
RX9D                              00000000
R_NOT_W                           00000002
R_W                               00000002
S                                 00000003
SBOREN                            00000004
SCKP                              00000004
SCS                               00000000
SENB                              00000003
SENDB                             00000003
SMP                               00000007
SPBRG                             00000099
SPBRGH                            0000009A
SPEN                              00000007
SR0                               00000006
SR1                               00000007
SRCON                             0000019E
SREN                              00000005
SSPADD                            00000093
SSPBUF                            00000013
SSPCON                            00000014
SSPEN                             00000005
SSPIE                             00000003
SSPIF                             00000003
SSPM0                             00000000
SSPM1                             00000001
SSPM2                             00000002
SSPM3                             00000003
SSPMSK                            00000093
SSPOV                             00000006
SSPSTAT                           00000094
STATUS                            00000003
STRA                              00000000
STRB                              00000001
STRC                              00000002
STRD                              00000003
STRSYNC                           00000004
SWDTEN                            00000000
SYNC                              00000004
SampleTime                        00000053
Setup                             00000001
StartTimer1                       0000001C
Start_Delay                       00000060
StopTimer1                        00000021
T0CS                              00000005
T0IE                              00000005
T0IF                              00000002
T0SE                              00000004
T1CKPS0                           00000004
T1CKPS1                           00000005
T1CON                             00000010
T1GINV                            00000007
T1GSS                             00000001
MPASM 5.68                        SOURCE.ASM   9-12-2016  9:21:22         PAGE 11


SYMBOL TABLE
  LABEL                             VALUE 

T1IE                              00000000
T1IF                              00000000
T1OSCEN                           00000003
T1SYNC                            00000022
T2CKPS0                           00000000
T2CKPS1                           00000001
T2CON                             00000012
T2IE                              00000001
T2IF                              00000001
TMR0                              00000001
TMR1                              0000000E
TMR1CS                            00000001
TMR1GE                            00000006
TMR1H                             0000000F
TMR1IE                            00000000
TMR1IF                            00000000
TMR1L                             0000000E
TMR1ON                            00000000
TMR2                              00000011
TMR2IE                            00000001
TMR2IF                            00000001
TMR2ON                            00000002
TOUTPS0                           00000003
TOUTPS1                           00000004
TOUTPS2                           00000005
TOUTPS3                           00000006
TRISA                             00000085
TRISA0                            00000000
TRISA1                            00000001
TRISA2                            00000002
TRISA3                            00000003
TRISA4                            00000004
TRISA5                            00000005
TRISB                             00000086
TRISB4                            00000004
TRISB5                            00000005
TRISB6                            00000006
TRISB7                            00000007
TRISC                             00000087
TRISC0                            00000000
TRISC1                            00000001
TRISC2                            00000002
TRISC3                            00000003
TRISC4                            00000004
TRISC5                            00000005
TRISC6                            00000006
TRISC7                            00000007
TRMT                              00000001
TUN0                              00000000
TUN1                              00000001
TUN2                              00000002
TUN3                              00000003
TUN4                              00000004
MPASM 5.68                        SOURCE.ASM   9-12-2016  9:21:22         PAGE 12


SYMBOL TABLE
  LABEL                             VALUE 

TX9                               00000006
TX9D                              00000000
TXEN                              00000005
TXIE                              00000004
TXIF                              00000004
TXREG                             00000019
TXSTA                             00000098
UA                                00000001
ULPWUE                            00000005
VCFG                              00000006
VP6EN                             00000004
VR0                               00000000
VR1                               00000001
VR2                               00000002
VR3                               00000003
VRCON                             00000118
VRR                               00000005
W                                 00000000
WCOL                              00000007
WDTCON                            00000097
WDTPS0                            00000001
WDTPS1                            00000002
WDTPS2                            00000003
WDTPS3                            00000004
WPU                               00000095
WPU0                              00000000
WPU1                              00000001
WPU2                              00000002
WPU4                              00000004
WPU5                              00000005
WPUA                              00000095
WPUA0                             00000000
WPUA1                             00000001
WPUA2                             00000002
WPUA4                             00000004
WPUA5                             00000005
WPUB                              00000115
WPUB4                             00000004
WPUB5                             00000005
WPUB6                             00000006
WPUB7                             00000007
WR                                00000001
WREN                              00000002
WRERR                             00000003
WUE                               00000001
Z                                 00000002
_.org_0_0030                      00000030
_BOD_NSLEEP                       00003EFF
_BOD_OFF                          00003CFF
_BOD_ON                           00003FFF
_BOD_SBODEN                       00003DFF
_BOREN_NSLEEP                     00003EFF
_BOREN_OFF                        00003CFF
MPASM 5.68                        SOURCE.ASM   9-12-2016  9:21:22         PAGE 13


SYMBOL TABLE
  LABEL                             VALUE 

_BOREN_ON                         00003FFF
_BOREN_SBODEN                     00003DFF
_BOR_NSLEEP                       00003EFF
_BOR_OFF                          00003CFF
_BOR_ON                           00003FFF
_BOR_SBODEN                       00003DFF
_CONFIG                           00002007
_CPD_OFF                          00003FFF
_CPD_ON                           00003F7F
_CP_OFF                           00003FFF
_CP_ON                            00003FBF
_DEVID1                           00002006
_EC_OSC                           00003FFB
_EXTRC                            00003FFF
_EXTRCIO                          00003FFE
_EXTRC_OSC_CLKOUT                 00003FFF
_EXTRC_OSC_NOCLKOUT               00003FFE
_FCMEN_OFF                        000037FF
_FCMEN_ON                         00003FFF
_FOSC_EC                          00003FFB
_FOSC_EXTRCCLK                    00003FFF
_FOSC_EXTRCIO                     00003FFE
_FOSC_HS                          00003FFA
_FOSC_INTRCCLK                    00003FFD
_FOSC_INTRCIO                     00003FFC
_FOSC_LP                          00003FF8
_FOSC_XT                          00003FF9
_HS_OSC                           00003FFA
_IDLOC0                           00002000
_IDLOC1                           00002001
_IDLOC2                           00002002
_IDLOC3                           00002003
_IESO_OFF                         00003BFF
_IESO_ON                          00003FFF
_INTOSC                           00003FFD
_INTOSCIO                         00003FFC
_INTRC_OSC_CLKOUT                 00003FFD
_INTRC_OSC_NOCLKOUT               00003FFC
_LP_OSC                           00003FF8
_MCLRE_OFF                        00003FDF
_MCLRE_ON                         00003FFF
_PWRTE_OFF                        00003FFF
_PWRTE_ON                         00003FEF
_WDTE_OFF                         00003FF7
_WDTE_ON                          00003FFF
_WDT_OFF                          00003FF7
_WDT_ON                           00003FFF
_XT_OSC                           00003FF9
__16F690                          00000001

MPASM 5.68                        SOURCE.ASM   9-12-2016  9:21:22         PAGE 14





Errors   :     0
Warnings :     0 reported,     0 suppressed
Messages :    15 reported,     0 suppressed

